08:38:12.886 [main] INFO  com.intuit.karate.Runner - using system property 'karate.options': --tags ~@ignore
08:38:15.362 [main] INFO  com.intuit.karate - karate.env system property was: null 
08:38:15.374 [main] INFO  com.intuit.karate - >> lock acquired, begin callSingle: classpath:helpers/CreateToken.feature
08:38:16.839 [main] INFO  com.intuit.karate - << lock released, cached callSingle: classpath:helpers/CreateToken.feature
08:38:17.569 [main] INFO  com.intuit.karate - karate.env system property was: null 
08:38:18.571 [main] INFO  com.intuit.karate - karate.env system property was: null 
08:38:20.406 [main] INFO  com.intuit.karate - karate.env system property was: null 
08:38:21.314 [main] INFO  com.intuit.karate - karate.env system property was: null 
08:38:27.253 [main] INFO  com.intuit.karate - karate.env system property was: null 
08:38:27.263 [main] INFO  com.intuit.karate - karate.env system property was: null 
08:38:27.297 [main] INFO  com.intuit.karate - karate.env system property was: null 
08:38:28.408 [main] INFO  com.intuit.karate.Suite - <<pass>> feature 1 of 7 (0 remaining) classpath:conduitApp/feature/HomePage.feature
08:38:28.430 [main] INFO  com.intuit.karate - karate.env system property was: null 
08:38:31.172 [main] INFO  com.intuit.karate - karate.env system property was: null 
08:38:33.862 [main] INFO  com.intuit.karate - [print] jumlah comment terbaru: 2 
08:38:34.599 [main] ERROR com.intuit.karate - classpath:conduitApp/feature/HomeWork.feature:97
Then status 204
status code was: 200, expected: 204, response time in milliseconds: 734, url: https://api.realworld.io/api/articles/This-is-title-21074/comments/16982, response: 
{}
classpath:conduitApp/feature/HomeWork.feature:97
08:38:34.894 [main] INFO  com.intuit.karate.Suite - <<fail>> feature 2 of 7 (0 remaining) classpath:conduitApp/feature/HomeWork.feature
08:38:34.901 [main] INFO  com.intuit.karate - karate.env system property was: null 
08:38:34.907 [main] INFO  com.intuit.karate - [print] This is first scenario 
08:38:34.945 [main] ERROR com.intuit.karate - classpath:helpers/dummy.feature:3
* def dataGenerator = Java.type('Helpers.DataGenerator')
js failed:
>>>>
01: Java.type('Helpers.DataGenerator')
<<<<
org.graalvm.polyglot.PolyglotException: java.lang.NoClassDefFoundError: helpers/DataGenerator (wrong name: Helpers/DataGenerator)
- java.base/java.lang.ClassLoader.defineClass1(Native Method)
- java.base/java.lang.ClassLoader.defineClass(ClassLoader.java:1012)
- java.base/java.security.SecureClassLoader.defineClass(SecureClassLoader.java:150)
- java.base/jdk.internal.loader.BuiltinClassLoader.defineClass(BuiltinClassLoader.java:862)
- java.base/jdk.internal.loader.BuiltinClassLoader.findClassOnClassPathOrNull(BuiltinClassLoader.java:760)
- java.base/jdk.internal.loader.BuiltinClassLoader.loadClassOrNull(BuiltinClassLoader.java:681)
- java.base/jdk.internal.loader.BuiltinClassLoader.loadClass(BuiltinClassLoader.java:639)

classpath:helpers/dummy.feature:3
08:38:34.976 [main] WARN  com.intuit.karate - afterScenario hook failed: com.intuit.karate.KarateException: js failed:
>>>>
01: function(){ karate.call('classpath:helpers/dummy.feature') }
<<<<
org.graalvm.polyglot.PolyglotException: js failed:
>>>>
01: Java.type('Helpers.DataGenerator')
<<<<
org.graalvm.polyglot.PolyglotException: java.lang.NoClassDefFoundError: helpers/DataGenerator (wrong name: Helpers/DataGenerator)
- java.base/java.lang.ClassLoader.defineClass1(Native Method)
- java.base/java.lang.ClassLoader.defineClass(ClassLoader.java:1012)
- java.base/java.security.SecureClassLoader.defineClass(SecureClassLoader.java:150)
- java.base/jdk.internal.loader.BuiltinClassLoader.defineClass(BuiltinClassLoader.java:862)
- java.base/jdk.internal.loader.BuiltinClassLoader.findClassOnClassPathOrNull(BuiltinClassLoader.java:760)
- java.base/jdk.internal.loader.BuiltinClassLoader.loadClassOrNull(BuiltinClassLoader.java:681)
- java.base/jdk.internal.loader.BuiltinClassLoader.loadClass(BuiltinClassLoader.java:639)

classpath:helpers/dummy.feature:3
- com.intuit.karate.core.FeatureResult.getErrorMessagesCombined(FeatureResult.java:218)
- com.intuit.karate.core.ScenarioEngine.callFeature(ScenarioEngine.java:2181)
- com.intuit.karate.core.ScenarioEngine.call(ScenarioEngine.java:2005)
- com.intuit.karate.core.ScenarioBridge.call(ScenarioBridge.java:165)
- com.intuit.karate.core.ScenarioBridge.call(ScenarioBridge.java:151)
- <js>.:anonymous(Unnamed:1)

08:38:34.985 [main] INFO  com.intuit.karate - karate.env system property was: null 
08:38:34.992 [main] INFO  com.intuit.karate - [print] This is second scenario 
08:38:35.005 [main] ERROR com.intuit.karate - classpath:helpers/dummy.feature:3
* def dataGenerator = Java.type('Helpers.DataGenerator')
js failed:
>>>>
01: Java.type('Helpers.DataGenerator')
<<<<
org.graalvm.polyglot.PolyglotException: java.lang.NoClassDefFoundError: helpers/DataGenerator (wrong name: Helpers/DataGenerator)
- java.base/java.lang.ClassLoader.defineClass1(Native Method)
- java.base/java.lang.ClassLoader.defineClass(ClassLoader.java:1012)
- java.base/java.security.SecureClassLoader.defineClass(SecureClassLoader.java:150)
- java.base/jdk.internal.loader.BuiltinClassLoader.defineClass(BuiltinClassLoader.java:862)
- java.base/jdk.internal.loader.BuiltinClassLoader.findClassOnClassPathOrNull(BuiltinClassLoader.java:760)
- java.base/jdk.internal.loader.BuiltinClassLoader.loadClassOrNull(BuiltinClassLoader.java:681)
- java.base/jdk.internal.loader.BuiltinClassLoader.loadClass(BuiltinClassLoader.java:639)

classpath:helpers/dummy.feature:3
08:38:35.009 [main] WARN  com.intuit.karate - afterScenario hook failed: com.intuit.karate.KarateException: js failed:
>>>>
01: function(){ karate.call('classpath:helpers/dummy.feature') }
<<<<
org.graalvm.polyglot.PolyglotException: js failed:
>>>>
01: Java.type('Helpers.DataGenerator')
<<<<
org.graalvm.polyglot.PolyglotException: java.lang.NoClassDefFoundError: helpers/DataGenerator (wrong name: Helpers/DataGenerator)
- java.base/java.lang.ClassLoader.defineClass1(Native Method)
- java.base/java.lang.ClassLoader.defineClass(ClassLoader.java:1012)
- java.base/java.security.SecureClassLoader.defineClass(SecureClassLoader.java:150)
- java.base/jdk.internal.loader.BuiltinClassLoader.defineClass(BuiltinClassLoader.java:862)
- java.base/jdk.internal.loader.BuiltinClassLoader.findClassOnClassPathOrNull(BuiltinClassLoader.java:760)
- java.base/jdk.internal.loader.BuiltinClassLoader.loadClassOrNull(BuiltinClassLoader.java:681)
- java.base/jdk.internal.loader.BuiltinClassLoader.loadClass(BuiltinClassLoader.java:639)

classpath:helpers/dummy.feature:3
- com.intuit.karate.core.FeatureResult.getErrorMessagesCombined(FeatureResult.java:218)
- com.intuit.karate.core.ScenarioEngine.callFeature(ScenarioEngine.java:2181)
- com.intuit.karate.core.ScenarioEngine.call(ScenarioEngine.java:2005)
- com.intuit.karate.core.ScenarioBridge.call(ScenarioBridge.java:165)
- com.intuit.karate.core.ScenarioBridge.call(ScenarioBridge.java:151)
- <js>.:anonymous(Unnamed:1)

08:38:35.010 [main] INFO  com.intuit.karate - After feature test 
08:38:35.189 [main] INFO  com.intuit.karate.Suite - <<pass>> feature 3 of 7 (0 remaining) classpath:conduitApp/feature/Hooks.feature
08:38:35.197 [main] INFO  com.intuit.karate - karate.env system property was: null 
08:38:35.207 [main] INFO  com.intuit.karate - [print] [
  1,
  4,
  9
]
 
08:38:35.212 [main] INFO  com.intuit.karate - karate.env system property was: null 
08:38:35.220 [main] INFO  com.intuit.karate - karate.env system property was: null 
08:38:35.230 [main] INFO  com.intuit.karate - karate.env system property was: null 
08:38:35.244 [main] INFO  com.intuit.karate - karate.env system property was: null 
08:38:35.260 [main] INFO  com.intuit.karate - karate.env system property was: null 
08:38:35.273 [main] INFO  com.intuit.karate - karate.env system property was: null 
08:38:35.310 [main] INFO  com.intuit.karate - karate.env system property was: null 
08:38:35.317 [main] INFO  com.intuit.karate - karate.env system property was: null 
08:38:35.555 [main] INFO  com.intuit.karate.Suite - <<pass>> feature 4 of 7 (0 remaining) classpath:conduitApp/feature/JsonTransform.feature
08:38:35.562 [main] INFO  com.intuit.karate - karate.env system property was: null 
08:38:37.638 [main] ERROR com.intuit.karate - classpath:conduitApp/feature/NewArticles.feature:34
Then status 204
status code was: 200, expected: 204, response time in milliseconds: 570, url: https://api.realworld.io/api/articles/Hamish-the-Harper-21074, response: 
{}
classpath:conduitApp/feature/NewArticles.feature:34
08:38:37.753 [main] INFO  com.intuit.karate.Suite - <<fail>> feature 5 of 7 (0 remaining) classpath:conduitApp/feature/NewArticles.feature
08:38:37.763 [main] INFO  com.intuit.karate - karate.env system property was: null 
08:38:38.573 [main] ERROR com.intuit.karate - classpath:conduitApp/feature/SignUp.feature:22
And match response ==
"""
{
    "user": {
        "email": #(randomEmail),
        "username": #(randomUname),
        "bio": null,
        "image": "#string",
        "token": "#string"
    }
}
"""
match failed: EQUALS
  $ | not equal | match failed for name: 'user' (MAP:MAP)
  {"user":{"email":"andera84@test.com","username":"mitsue.lubowitz","bio":null,"image":null,"token":"eyJhbGciOiJIUzI1NiIsInR5cCI6IkpXVCJ9.eyJlbWFpbCI6ImFuZGVyYTg0QHRlc3QuY29tIiwidXNlcm5hbWUiOiJtaXRzdWUubHVib3dpdHoiLCJpYXQiOjE2NTg1NDAzMTYsImV4cCI6MTY2MzcyNDMxNn0.GxOb_ytbfeKoE86cLKQK4x83ebW9UD089bsKHHtiaDU"}}
  {"user":{"email":"andera84@test.com","username":"mitsue.lubowitz","bio":null,"image":"#string","token":"#string"}}

    $.user | not equal | match failed for name: 'image' (MAP:MAP)
    {"email":"andera84@test.com","username":"mitsue.lubowitz","bio":null,"image":null,"token":"eyJhbGciOiJIUzI1NiIsInR5cCI6IkpXVCJ9.eyJlbWFpbCI6ImFuZGVyYTg0QHRlc3QuY29tIiwidXNlcm5hbWUiOiJtaXRzdWUubHVib3dpdHoiLCJpYXQiOjE2NTg1NDAzMTYsImV4cCI6MTY2MzcyNDMxNn0.GxOb_ytbfeKoE86cLKQK4x83ebW9UD089bsKHHtiaDU"}
    {"email":"andera84@test.com","username":"mitsue.lubowitz","bio":null,"image":"#string","token":"#string"}

      $.user.image | not a string (NULL:STRING)
      null
      '#string'

classpath:conduitApp/feature/SignUp.feature:22
08:38:38.580 [main] INFO  com.intuit.karate - karate.env system property was: null 
08:38:39.175 [main] INFO  com.intuit.karate - karate.env system property was: null 
08:38:39.803 [main] INFO  com.intuit.karate - karate.env system property was: null 
08:38:40.391 [main] INFO  com.intuit.karate - karate.env system property was: null 
08:38:40.988 [main] INFO  com.intuit.karate - karate.env system property was: null 
08:38:41.784 [main] INFO  com.intuit.karate.Suite - <<fail>> feature 6 of 7 (0 remaining) classpath:conduitApp/feature/SignUp.feature
08:38:41.793 [main] INFO  com.intuit.karate - karate.env system property was: null 
08:38:42.431 [main] ERROR com.intuit.karate - classpath:conduitApp/performance/createArticle.feature:25
Then status 200
status code was: 401, expected: 200, response time in milliseconds: 569, url: https://api.realworld.io/api/articles, response: 
{"status":"error","message":"missing authorization credentials"}
classpath:conduitApp/performance/createArticle.feature:25
08:38:42.493 [main] INFO  com.intuit.karate.Suite - <<fail>> feature 7 of 7 (0 remaining) classpath:conduitApp/performance/createArticle.feature
10:30:11.311 [main] INFO  com.intuit.karate.Runner - using system property 'karate.options': --tags @debug
10:30:13.745 [main] INFO  com.intuit.karate.Suite - backed up existing 'target\karate-reports' dir to: target\karate-reports_1658547013743
10:30:15.876 [main] INFO  com.intuit.karate - karate.env system property was: null 
10:30:15.891 [main] INFO  com.intuit.karate - >> lock acquired, begin callSingle: classpath:helpers/CreateToken.feature
10:30:18.010 [main] INFO  com.intuit.karate - << lock released, cached callSingle: classpath:helpers/CreateToken.feature
10:30:19.029 [main] INFO  com.intuit.karate - karate.env system property was: null 
10:30:19.843 [main] INFO  com.intuit.karate - karate.env system property was: null 
10:30:20.548 [main] INFO  com.intuit.karate - karate.env system property was: null 
10:30:21.227 [main] INFO  com.intuit.karate - karate.env system property was: null 
10:30:23.689 [main] INFO  com.intuit.karate.Suite - <<pass>> feature 6 of 7 (0 remaining) classpath:conduitApp/feature/SignUp.feature
